c:\users\upal\desktop\projects_v10.1.14\done\sinkhole_dsr\64bit\code\dsr\x64\debug\vc140.pdb
c:\users\upal\desktop\projects_v10.1.14\done\sinkhole_dsr\64bit\code\dsr\x64\debug\vc140.idb
c:\users\upal\desktop\projects_v10.1.14\done\sinkhole_dsr\64bit\code\dsr\x64\debug\checkroutefound.obj
c:\users\upal\desktop\projects_v10.1.14\done\sinkhole_dsr\64bit\code\dsr\x64\debug\dsr.obj
c:\users\upal\desktop\projects_v10.1.14\done\sinkhole_dsr\64bit\code\dsr\x64\debug\maintbuffer.obj
c:\users\upal\desktop\projects_v10.1.14\done\sinkhole_dsr\64bit\code\dsr\x64\debug\malicious.obj
c:\users\upal\desktop\projects_v10.1.14\done\sinkhole_dsr\64bit\code\dsr\x64\debug\network_layer_ack.obj
c:\users\upal\desktop\projects_v10.1.14\done\sinkhole_dsr\64bit\code\dsr\x64\debug\packetprocessing.obj
c:\users\upal\desktop\projects_v10.1.14\done\sinkhole_dsr\64bit\code\dsr\x64\debug\routecache.obj
c:\users\upal\desktop\projects_v10.1.14\done\sinkhole_dsr\64bit\code\dsr\x64\debug\routeerror.obj
c:\users\upal\desktop\projects_v10.1.14\done\sinkhole_dsr\64bit\code\dsr\x64\debug\routereply.obj
c:\users\upal\desktop\projects_v10.1.14\done\sinkhole_dsr\64bit\code\dsr\x64\debug\routerequest.obj
c:\users\upal\desktop\projects_v10.1.14\done\sinkhole_dsr\64bit\code\dsr\x64\debug\sendbuffer.obj
c:\users\upal\desktop\projects_v10.1.14\done\sinkhole_dsr\64bit\code\dsr\x64\debug\sourceroute.obj
c:\users\upal\desktop\projects_v10.1.14\done\sinkhole_dsr\64bit\code\dll\dsr.lib
c:\users\upal\desktop\projects_v10.1.14\done\sinkhole_dsr\64bit\code\dll\dsr.exp
c:\users\upal\desktop\projects_v10.1.14\done\sinkhole_dsr\64bit\code\dll\libdsr.dll
c:\users\upal\desktop\projects_v10.1.14\done\sinkhole_dsr\64bit\code\dll\dsr.pdb
c:\users\upal\desktop\v10.1.17\sinkhole_dsr\64bit\code\dsr\x64\debug\checkroutefound.obj
c:\users\upal\desktop\v10.1.17\sinkhole_dsr\64bit\code\dsr\x64\debug\dsr.obj
c:\users\upal\desktop\v10.1.17\sinkhole_dsr\64bit\code\dsr\x64\debug\maintbuffer.obj
c:\users\upal\desktop\v10.1.17\sinkhole_dsr\64bit\code\dsr\x64\debug\malicious.obj
c:\users\upal\desktop\v10.1.17\sinkhole_dsr\64bit\code\dsr\x64\debug\network_layer_ack.obj
c:\users\upal\desktop\v10.1.17\sinkhole_dsr\64bit\code\dsr\x64\debug\packetprocessing.obj
c:\users\upal\desktop\v10.1.17\sinkhole_dsr\64bit\code\dsr\x64\debug\routecache.obj
c:\users\upal\desktop\v10.1.17\sinkhole_dsr\64bit\code\dsr\x64\debug\routeerror.obj
c:\users\upal\desktop\v10.1.17\sinkhole_dsr\64bit\code\dsr\x64\debug\routereply.obj
c:\users\upal\desktop\v10.1.17\sinkhole_dsr\64bit\code\dsr\x64\debug\routerequest.obj
c:\users\upal\desktop\v10.1.17\sinkhole_dsr\64bit\code\dsr\x64\debug\sendbuffer.obj
c:\users\upal\desktop\v10.1.17\sinkhole_dsr\64bit\code\dsr\x64\debug\sourceroute.obj
c:\users\upal\desktop\v10.1.17\sinkhole_dsr\64bit\code\dsr\x64\debug\vc140.idb
c:\users\upal\desktop\v10.1.17\sinkhole_dsr\64bit\code\dsr\x64\debug\vc140.pdb
c:\users\upal\desktop\v10.1.17\sinkhole_dsr\64bit\code\dsr\x64\debug\dsr.tlog\cl.command.1.tlog
c:\users\upal\desktop\v10.1.17\sinkhole_dsr\64bit\code\dsr\x64\debug\dsr.tlog\cl.read.1.tlog
c:\users\upal\desktop\v10.1.17\sinkhole_dsr\64bit\code\dsr\x64\debug\dsr.tlog\cl.write.1.tlog
c:\users\upal\desktop\v10.1.17\sinkhole_dsr\64bit\code\dsr\x64\debug\dsr.tlog\dsr.write.1u.tlog
c:\users\upal\desktop\v10.1.17\sinkhole_dsr\64bit\code\dsr\x64\debug\dsr.tlog\link.command.1.tlog
c:\users\upal\desktop\v10.1.17\sinkhole_dsr\64bit\code\dsr\x64\debug\dsr.tlog\link.read.1.tlog
c:\users\upal\desktop\v10.1.17\sinkhole_dsr\64bit\code\dsr\x64\debug\dsr.tlog\link.write.1.tlog
